\BOOKMARK [1][-]{section.1}{\376\377\000I\000n\000t\000r\000o\000d\000u\000c\000t\000i\000o\000n}{}% 1
\BOOKMARK [2][-]{subsection.1.1}{\376\377\000B\000a\000c\000k\000g\000r\000o\000u\000n\000d\000\040\000a\000n\000d\000\040\000S\000i\000g\000n\000i\000f\000i\000c\000a\000n\000c\000e}{section.1}% 2
\BOOKMARK [2][-]{subsection.1.2}{\376\377\000M\000o\000d\000e\000l\000\040\000A\000s\000s\000u\000m\000p\000t\000i\000o\000n\000s}{section.1}% 3
\BOOKMARK [1][-]{section.2}{\376\377\000P\000r\000e\000l\000i\000m\000i\000n\000a\000r\000y\000\040\000E\000x\000p\000e\000r\000i\000m\000e\000n\000t}{}% 4
\BOOKMARK [2][-]{subsection.2.1}{\376\377\000E\000x\000p\000e\000r\000i\000m\000e\000n\000t\000a\000l\000\040\000M\000a\000t\000e\000r\000i\000a\000l\000s\000\040\000a\000n\000d\000\040\000S\000e\000t\000u\000p}{section.2}% 5
\BOOKMARK [2][-]{subsection.2.2}{\376\377\000E\000x\000p\000e\000r\000i\000m\000e\000n\000t\000a\000l\000\040\000P\000r\000o\000c\000e\000d\000u\000r\000e}{section.2}% 6
\BOOKMARK [2][-]{subsection.2.3}{\376\377\000O\000b\000s\000e\000r\000v\000e\000d\000\040\000P\000h\000e\000n\000o\000m\000e\000n\000a\000\040\000a\000n\000d\000\040\000I\000n\000i\000t\000i\000a\000l\000\040\000A\000n\000a\000l\000y\000s\000i\000s}{section.2}% 7
\BOOKMARK [2][-]{subsection.2.4}{\376\377\000P\000o\000s\000t\000-\000E\000x\000p\000e\000r\000i\000m\000e\000n\000t\000\040\000R\000e\000f\000l\000e\000c\000t\000i\000o\000n\000s\000\040\000a\000n\000d\000\040\000F\000u\000r\000t\000h\000e\000r\000\040\000Q\000u\000e\000s\000t\000i\000o\000n\000s}{section.2}% 8
\BOOKMARK [1][-]{section.3}{\376\377\000T\000h\000e\000o\000r\000e\000t\000i\000c\000a\000l\000\040\000A\000n\000a\000l\000y\000s\000i\000s}{}% 9
\BOOKMARK [2][-]{subsection.3.1}{\376\377\000I\000n\000t\000r\000o\000d\000u\000c\000t\000i\000o\000n\000\040\000t\000o\000\040\000t\000h\000e\000\040\000P\000h\000e\000n\000o\000m\000e\000n\000o\000n}{section.3}% 10
\BOOKMARK [2][-]{subsection.3.2}{\376\377\000P\000a\000r\000a\000m\000e\000t\000e\000r\000\040\000D\000e\000f\000i\000n\000i\000t\000i\000o\000n\000s\000\040\000a\000n\000d\000\040\000D\000e\000r\000i\000v\000a\000t\000i\000o\000n\000s}{section.3}% 11
\BOOKMARK [3][-]{subsubsection.3.2.1}{\376\377\000I\000n\000i\000t\000i\000a\000l\000\040\000S\000l\000i\000n\000k\000y\000\040\000P\000a\000r\000a\000m\000e\000t\000e\000r\000s\000\040\000\050\000U\000n\000t\000w\000i\000s\000t\000e\000d\000\040\000S\000t\000a\000t\000e\000\051}{subsection.3.2}% 12
\BOOKMARK [3][-]{subsubsection.3.2.2}{\376\377\000S\000l\000i\000n\000k\000y\000\040\000P\000a\000r\000a\000m\000e\000t\000e\000r\000s\000\040\000A\000f\000t\000e\000r\000\040\000T\000w\000i\000s\000t\000i\000n\000g}{subsection.3.2}% 13
\BOOKMARK [3][-]{subsubsection.3.2.3}{\376\377\000D\000e\000r\000i\000v\000a\000t\000i\000o\000n\000\040\000o\000f\000\040\000R\000a\000d\000i\000u\000s\000\040\000a\000n\000d\000\040\000L\000e\000n\000g\000t\000h\000\040\000A\000f\000t\000e\000r\000\040\000T\000w\000i\000s\000t\000i\000n\000g}{subsection.3.2}% 14
\BOOKMARK [2][-]{subsection.3.3}{\376\377\000T\000o\000r\000s\000i\000o\000n\000a\000l\000\040\000L\000o\000a\000d\000\040\000a\000n\000d\000\040\000S\000t\000i\000f\000f\000n\000e\000s\000s}{section.3}% 15
\BOOKMARK [2][-]{subsection.3.4}{\376\377\000T\000o\000r\000s\000i\000o\000n\000a\000l\000\040\000W\000a\000v\000e\000\040\000E\000q\000u\000a\000t\000i\000o\000n\000\040\000a\000n\000d\000\040\000W\000a\000v\000e\000\040\000S\000p\000e\000e\000d}{section.3}% 16
\BOOKMARK [2][-]{subsection.3.5}{\376\377\000R\000e\000l\000a\000t\000i\000o\000n\000s\000h\000i\000p\000\040\000b\000e\000t\000w\000e\000e\000n\000\040\000T\000r\000a\000n\000s\000v\000e\000r\000s\000e\000\040\000D\000i\000s\000p\000l\000a\000c\000e\000m\000e\000n\000t\000\040\000a\000n\000d\000\040\000T\000w\000i\000s\000t\000\040\000A\000n\000g\000l\000e}{section.3}% 17
\BOOKMARK [2][-]{subsection.3.6}{\376\377\000S\000o\000l\000u\000t\000i\000o\000n\000\040\000o\000f\000\040\000t\000h\000e\000\040\000W\000a\000v\000e\000\040\000E\000q\000u\000a\000t\000i\000o\000n}{section.3}% 18
\BOOKMARK [2][-]{subsection.3.7}{\376\377\000F\000i\000n\000a\000l\000\040\000E\000x\000p\000r\000e\000s\000s\000i\000o\000n\000s\000\040\000a\000n\000d\000\040\000S\000u\000m\000m\000a\000r\000y}{section.3}% 19
\BOOKMARK [3][-]{subsubsection.3.7.1}{\376\377\000F\000i\000n\000a\000l\000\040\000E\000x\000p\000r\000e\000s\000s\000i\000o\000n\000\040\000f\000o\000r\000\040\000T\000w\000i\000s\000t\000\040\000A\000n\000g\000l\000e}{subsection.3.7}% 20
\BOOKMARK [3][-]{subsubsection.3.7.2}{\376\377\000F\000i\000n\000a\000l\000\040\000E\000x\000p\000r\000e\000s\000s\000i\000o\000n\000\040\000f\000o\000r\000\040\000T\000r\000a\000n\000s\000v\000e\000r\000s\000e\000\040\000D\000i\000s\000p\000l\000a\000c\000e\000m\000e\000n\000t}{subsection.3.7}% 21
\BOOKMARK [3][-]{subsubsection.3.7.3}{\376\377\000S\000u\000m\000m\000a\000r\000y\000\040\000o\000f\000\040\000D\000e\000r\000i\000v\000e\000d\000\040\000R\000e\000l\000a\000t\000i\000o\000n\000s\000h\000i\000p\000s}{subsection.3.7}% 22
\BOOKMARK [1][-]{section.4}{\376\377\000N\000u\000m\000e\000r\000i\000c\000a\000l\000\040\000S\000i\000m\000u\000l\000a\000t\000i\000o\000n\000\040\000a\000n\000d\000\040\000M\000o\000d\000e\000l\000\040\000V\000a\000l\000i\000d\000a\000t\000i\000o\000n}{}% 23
\BOOKMARK [2][-]{subsection.4.1}{\376\377\000S\000i\000m\000u\000l\000a\000t\000i\000o\000n\000\040\000S\000e\000t\000u\000p}{section.4}% 24
\BOOKMARK [2][-]{subsection.4.2}{\376\377\000S\000i\000m\000u\000l\000a\000t\000i\000o\000n\000\040\000o\000f\000\040\000T\000o\000r\000s\000i\000o\000n\000a\000l\000\040\000W\000a\000v\000e\000\040\000P\000r\000o\000p\000a\000g\000a\000t\000i\000o\000n}{section.4}% 25
\BOOKMARK [2][-]{subsection.4.3}{\376\377\000V\000a\000l\000i\000d\000a\000t\000i\000o\000n\000\040\000A\000g\000a\000i\000n\000s\000t\000\040\000O\000b\000s\000e\000r\000v\000a\000t\000i\000o\000n\000s}{section.4}% 26
\BOOKMARK [1][-]{section.5}{\376\377\000E\000x\000p\000e\000r\000i\000m\000e\000n\000t\000a\000l\000\040\000I\000n\000v\000e\000s\000t\000i\000g\000a\000t\000i\000o\000n}{}% 27
\BOOKMARK [2][-]{subsection.5.1}{\376\377\000E\000x\000p\000e\000r\000i\000m\000e\000n\000t\000a\000l\000\040\000O\000b\000j\000e\000c\000t\000i\000v\000e\000s}{section.5}% 28
\BOOKMARK [2][-]{subsection.5.2}{\376\377\000E\000x\000p\000e\000r\000i\000m\000e\000n\000t\000a\000l\000\040\000A\000p\000p\000a\000r\000a\000t\000u\000s}{section.5}% 29
\BOOKMARK [2][-]{subsection.5.3}{\376\377\000E\000x\000p\000e\000r\000i\000m\000e\000n\000t\000a\000l\000\040\000P\000r\000o\000c\000e\000d\000u\000r\000e}{section.5}% 30
\BOOKMARK [2][-]{subsection.5.4}{\376\377\000M\000a\000t\000e\000r\000i\000a\000l\000\040\000P\000a\000r\000a\000m\000e\000t\000e\000r\000s\000\040\000a\000n\000d\000\040\000D\000a\000t\000a\000\040\000A\000c\000q\000u\000i\000s\000i\000t\000i\000o\000n}{section.5}% 31
\BOOKMARK [3][-]{subsubsection.5.4.1}{\376\377\000M\000a\000t\000e\000r\000i\000a\000l\000\040\000P\000r\000o\000p\000e\000r\000t\000i\000e\000s\000\040\000L\000o\000o\000k\000u\000p}{subsection.5.4}% 32
\BOOKMARK [3][-]{subsubsection.5.4.2}{\376\377\000D\000a\000t\000a\000\040\000A\000c\000q\000u\000i\000s\000i\000t\000i\000o\000n\000\040\000M\000e\000t\000h\000o\000d}{subsection.5.4}% 33
\BOOKMARK [2][-]{subsection.5.5}{\376\377\000E\000x\000p\000e\000r\000i\000m\000e\000n\000t\000a\000l\000\040\000S\000e\000r\000i\000e\000s\000\040\0001\000:\000\040\000I\000n\000v\000e\000s\000t\000i\000g\000a\000t\000i\000n\000g\000\040\000I\000n\000f\000l\000u\000e\000n\000c\000i\000n\000g\000\040\000F\000a\000c\000t\000o\000r\000s}{section.5}% 34
\BOOKMARK [3][-]{subsubsection.5.5.1}{\376\377\000E\000x\000p\000e\000r\000i\000m\000e\000n\000t\000\040\0001\000:\000\040\000A\000m\000p\000l\000i\000t\000u\000d\000e\000\040\000-\000\040\000T\000i\000m\000e\000\040\000-\000\040\000T\000w\000i\000s\000t\000\040\000A\000n\000g\000l\000e\000\040\000-\000\040\000L\000e\000n\000g\000t\000h}{subsection.5.5}% 35
\BOOKMARK [3][-]{subsubsection.5.5.2}{\376\377\000E\000x\000p\000e\000r\000i\000m\000e\000n\000t\000\040\0002\000:\000\040\000W\000a\000v\000e\000l\000e\000n\000g\000t\000h\000\040\000-\000\040\000T\000i\000m\000e\000\040\000-\000\040\000T\000w\000i\000s\000t\000\040\000A\000n\000g\000l\000e\000\040\000-\000\040\000L\000e\000n\000g\000t\000h}{subsection.5.5}% 36
\BOOKMARK [3][-]{subsubsection.5.5.3}{\376\377\000E\000x\000p\000e\000r\000i\000m\000e\000n\000t\000\040\0003\000:\000\040\000R\000a\000d\000i\000u\000s\000\040\000-\000\040\000T\000w\000i\000s\000t\000\040\000A\000n\000g\000l\000e\000\040\000-\000\040\000L\000e\000n\000g\000t\000h}{subsection.5.5}% 37
\BOOKMARK [2][-]{subsection.5.6}{\376\377\000S\000u\000p\000p\000l\000e\000m\000e\000n\000t\000a\000r\000y\000\040\000E\000x\000p\000e\000r\000i\000m\000e\000n\000t\000:\000\040\000E\000f\000f\000e\000c\000t\000\040\000o\000f\000\040\000L\000u\000b\000r\000i\000c\000a\000t\000i\000o\000n}{section.5}% 38
\BOOKMARK [2][-]{subsection.5.7}{\376\377\000E\000x\000p\000e\000r\000i\000m\000e\000n\000t\000a\000l\000\040\000S\000e\000r\000i\000e\000s\000\040\0002\000:\000\040\000T\000h\000e\000o\000r\000e\000t\000i\000c\000a\000l\000\040\000V\000a\000l\000i\000d\000a\000t\000i\000o\000n}{section.5}% 39
\BOOKMARK [3][-]{subsubsection.5.7.1}{\376\377\000W\000a\000v\000e\000\040\000S\000p\000e\000e\000d\000\040\000M\000e\000a\000s\000u\000r\000e\000m\000e\000n\000t\000\040\000a\000n\000d\000\040\000A\000n\000a\000l\000y\000s\000i\000s}{subsection.5.7}% 40
\BOOKMARK [1][-]{section.6}{\376\377\000E\000r\000r\000o\000r\000\040\000A\000n\000a\000l\000y\000s\000i\000s}{}% 41
\BOOKMARK [2][-]{subsection.6.1}{\376\377\000T\000h\000e\000o\000r\000e\000t\000i\000c\000a\000l\000\040\000E\000r\000r\000o\000r\000s}{section.6}% 42
\BOOKMARK [2][-]{subsection.6.2}{\376\377\000E\000x\000p\000e\000r\000i\000m\000e\000n\000t\000a\000l\000\040\000E\000r\000r\000o\000r\000s}{section.6}% 43
\BOOKMARK [2][-]{subsection.6.3}{\376\377\000M\000a\000j\000o\000r\000\040\000I\000n\000f\000l\000u\000e\000n\000c\000i\000n\000g\000\040\000F\000a\000c\000t\000o\000r\000s}{section.6}% 44
\BOOKMARK [1][-]{section.7}{\376\377\000C\000a\000l\000c\000u\000l\000a\000t\000i\000n\000g\000\040\000a\000n\000d\000\040\000S\000i\000m\000p\000l\000i\000f\000y\000i\000n\000g\000\040\000t\000h\000e\000\040\000M\000o\000d\000e\000l}{}% 45
\BOOKMARK [2][-]{subsection.7.1}{\376\377\000C\000o\000m\000p\000u\000t\000a\000t\000i\000o\000n\000a\000l\000\040\000A\000p\000p\000r\000o\000a\000c\000h}{section.7}% 46
\BOOKMARK [2][-]{subsection.7.2}{\376\377\000S\000i\000m\000p\000l\000i\000f\000i\000e\000d\000\040\000G\000o\000v\000e\000r\000n\000i\000n\000g\000\040\000E\000q\000u\000a\000t\000i\000o\000n}{section.7}% 47
\BOOKMARK [2][-]{subsection.7.3}{\376\377\000P\000a\000r\000a\000m\000e\000t\000e\000r\000\040\000E\000s\000t\000i\000m\000a\000t\000i\000o\000n\000\040\000a\000n\000d\000\040\000C\000a\000l\000i\000b\000r\000a\000t\000i\000o\000n}{section.7}% 48
\BOOKMARK [1][-]{section.8}{\376\377\000T\000h\000e\000\040\000M\000o\000d\000e\000l\000\040\000R\000e\000s\000u\000l\000t\000s}{}% 49
\BOOKMARK [2][-]{subsection.8.1}{\376\377\000N\000u\000m\000e\000r\000i\000c\000a\000l\000\040\000S\000i\000m\000u\000l\000a\000t\000i\000o\000n\000\040\000R\000e\000s\000u\000l\000t\000s}{section.8}% 50
\BOOKMARK [2][-]{subsection.8.2}{\376\377\000I\000n\000f\000l\000u\000e\000n\000c\000e\000\040\000o\000f\000\040\000K\000e\000y\000\040\000P\000a\000r\000a\000m\000e\000t\000e\000r\000s}{section.8}% 51
\BOOKMARK [1][-]{section.9}{\376\377\000V\000a\000l\000i\000d\000a\000t\000i\000n\000g\000\040\000t\000h\000e\000\040\000M\000o\000d\000e\000l}{}% 52
\BOOKMARK [2][-]{subsection.9.1}{\376\377\000Q\000u\000a\000n\000t\000i\000t\000a\000t\000i\000v\000e\000\040\000V\000a\000l\000i\000d\000a\000t\000i\000o\000n\000\040\000M\000e\000t\000r\000i\000c\000s}{section.9}% 53
\BOOKMARK [2][-]{subsection.9.2}{\376\377\000Q\000u\000a\000l\000i\000t\000a\000t\000i\000v\000e\000\040\000F\000e\000a\000t\000u\000r\000e\000\040\000V\000a\000l\000i\000d\000a\000t\000i\000o\000n}{section.9}% 54
\BOOKMARK [2][-]{subsection.9.3}{\376\377\000E\000d\000g\000e\000\040\000C\000a\000s\000e\000s\000\040\000a\000n\000d\000\040\000L\000i\000m\000i\000t\000a\000t\000i\000o\000n\000s}{section.9}% 55
\BOOKMARK [1][-]{section.10}{\376\377\000C\000o\000n\000c\000l\000u\000s\000i\000o\000n\000s}{}% 56
\BOOKMARK [2][-]{subsection.10.1}{\376\377\000P\000r\000i\000m\000a\000r\000y\000\040\000S\000c\000i\000e\000n\000t\000i\000f\000i\000c\000\040\000F\000i\000n\000d\000i\000n\000g\000s}{section.10}% 57
\BOOKMARK [2][-]{subsection.10.2}{\376\377\000T\000h\000e\000o\000r\000e\000t\000i\000c\000a\000l\000\040\000C\000o\000n\000t\000r\000i\000b\000u\000t\000i\000o\000n\000s}{section.10}% 58
\BOOKMARK [2][-]{subsection.10.3}{\376\377\000P\000r\000a\000c\000t\000i\000c\000a\000l\000\040\000A\000p\000p\000l\000i\000c\000a\000t\000i\000o\000n\000s}{section.10}% 59
\BOOKMARK [2][-]{subsection.10.4}{\376\377\000F\000u\000t\000u\000r\000e\000\040\000R\000e\000s\000e\000a\000r\000c\000h\000\040\000D\000i\000r\000e\000c\000t\000i\000o\000n\000s}{section.10}% 60
\BOOKMARK [1][-]{section.11}{\376\377\000S\000u\000m\000m\000a\000r\000y}{}% 61
\BOOKMARK [1][-]{section*.2}{\376\377\000A\000p\000p\000e\000n\000d\000i\000c\000e\000s}{}% 62
\BOOKMARK [1][-]{appendix.1.A}{\376\377\000A\000p\000p\000e\000n\000d\000i\000x\000\040\000P\000h\000y\000s\000i\000c\000a\000l\000\040\000I\000n\000t\000e\000r\000p\000r\000e\000t\000a\000t\000i\000o\000n\000\040\000o\000f\000\040\000t\000h\000e\000\040\000S\000l\000i\000n\000k\000y\000\040\000W\000a\000v\000e\000\040\000E\000q\000u\000a\000t\000i\000o\000n}{}% 63
\BOOKMARK [1][-]{appendix.1.B}{\376\377\000A\000p\000p\000e\000n\000d\000i\000x\000\040\000P\000a\000r\000a\000m\000e\000t\000e\000r\000\040\000I\000n\000t\000e\000r\000p\000r\000e\000t\000a\000t\000i\000o\000n\000\040\000o\000f\000\040\000t\000h\000e\000\040\000S\000l\000i\000n\000k\000y\000\040\000W\000a\000v\000e\000\040\000E\000q\000u\000a\000t\000i\000o\000n}{}% 64
\BOOKMARK [1][-]{appendix.1.C}{\376\377\000A\000p\000p\000e\000n\000d\000i\000x\000\040\000F\000i\000n\000i\000t\000e\000\040\000E\000l\000e\000m\000e\000n\000t\000\040\000A\000n\000a\000l\000y\000s\000i\000s}{}% 65
\BOOKMARK [1][-]{appendix.1.D}{\376\377\000A\000p\000p\000e\000n\000d\000i\000x\000\040\000S\000l\000i\000n\000k\000y\000-\000R\000e\000l\000a\000t\000e\000d\000\040\000P\000a\000r\000a\000m\000e\000t\000e\000r\000s}{}% 66
\BOOKMARK [1][-]{appendix.1.E}{\376\377\000A\000p\000p\000e\000n\000d\000i\000x\000\040\000M\000A\000T\000L\000A\000B\000\040\000C\000o\000d\000e\000\040\000f\000o\000r\000\040\000E\000x\000p\000e\000r\000i\000m\000e\000n\000t\000a\000l\000\040\000D\000a\000t\000a\000\040\000A\000n\000a\000l\000y\000s\000i\000s}{}% 67
