\BOOKMARK [1][-]{section.1}{\376\377\000I\000n\000t\000r\000o\000d\000u\000c\000t\000i\000o\000n}{}% 1
\BOOKMARK [2][-]{subsection.1.1}{\376\377\000O\000t\000h\000e\000r\000\040\000A\000s\000s\000u\000m\000p\000t\000i\000o\000n\000s}{section.1}% 2
\BOOKMARK [1][-]{section.2}{\376\377\000A\000n\000a\000l\000y\000s\000i\000s\000\040\000o\000f\000\040\000t\000h\000e\000\040\000P\000r\000o\000b\000l\000e\000m}{}% 3
\BOOKMARK [1][-]{section.3}{\376\377\000P\000r\000e\000l\000i\000m\000i\000n\000a\000r\000y\000\040\000E\000x\000p\000e\000r\000i\000m\000e\000n\000t}{}% 4
\BOOKMARK [2][-]{subsection.3.1}{\376\377\000E\000x\000p\000e\000r\000i\000m\000e\000n\000t\000a\000l\000\040\000M\000a\000t\000e\000r\000i\000a\000l\000s\000\040\000a\000n\000d\000\040\000S\000e\000t\000u\000p}{section.3}% 5
\BOOKMARK [2][-]{subsection.3.2}{\376\377\000E\000x\000p\000e\000r\000i\000m\000e\000n\000t\000a\000l\000\040\000P\000r\000o\000c\000e\000d\000u\000r\000e}{section.3}% 6
\BOOKMARK [2][-]{subsection.3.3}{\376\377\000O\000b\000s\000e\000r\000v\000e\000d\000\040\000P\000h\000e\000n\000o\000m\000e\000n\000a\000\040\000a\000n\000d\000\040\000I\000n\000i\000t\000i\000a\000l\000\040\000A\000n\000a\000l\000y\000s\000i\000s}{section.3}% 7
\BOOKMARK [2][-]{subsection.3.4}{\376\377\000P\000o\000s\000t\000-\000E\000x\000p\000e\000r\000i\000m\000e\000n\000t\000\040\000R\000e\000f\000l\000e\000c\000t\000i\000o\000n\000s\000\040\000a\000n\000d\000\040\000F\000u\000r\000t\000h\000e\000r\000\040\000Q\000u\000e\000s\000t\000i\000o\000n\000s}{section.3}% 8
\BOOKMARK [1][-]{section.4}{\376\377\000T\000h\000e\000o\000r\000e\000t\000i\000c\000a\000l\000\040\000A\000n\000a\000l\000y\000s\000i\000s}{}% 9
\BOOKMARK [2][-]{subsection.4.1}{\376\377\000I\000n\000t\000r\000o\000d\000u\000c\000t\000i\000o\000n\000\040\000t\000o\000\040\000t\000h\000e\000\040\000P\000h\000e\000n\000o\000m\000e\000n\000o\000n}{section.4}% 10
\BOOKMARK [2][-]{subsection.4.2}{\376\377\000B\000a\000s\000i\000c\000\040\000A\000s\000s\000u\000m\000p\000t\000i\000o\000n\000s}{section.4}% 11
\BOOKMARK [2][-]{subsection.4.3}{\376\377\000P\000a\000r\000a\000m\000e\000t\000e\000r\000\040\000D\000e\000f\000i\000n\000i\000t\000i\000o\000n\000s\000\040\000a\000n\000d\000\040\000D\000e\000r\000i\000v\000a\000t\000i\000o\000n\000s}{section.4}% 12
\BOOKMARK [3][-]{subsubsection.4.3.1}{\376\377\000I\000n\000i\000t\000i\000a\000l\000\040\000S\000l\000i\000n\000k\000y\000\040\000P\000a\000r\000a\000m\000e\000t\000e\000r\000s\000\040\000\050\000U\000n\000t\000w\000i\000s\000t\000e\000d\000\040\000S\000t\000a\000t\000e\000\051}{subsection.4.3}% 13
\BOOKMARK [3][-]{subsubsection.4.3.2}{\376\377\000S\000l\000i\000n\000k\000y\000\040\000P\000a\000r\000a\000m\000e\000t\000e\000r\000s\000\040\000A\000f\000t\000e\000r\000\040\000T\000w\000i\000s\000t\000i\000n\000g}{subsection.4.3}% 14
\BOOKMARK [3][-]{subsubsection.4.3.3}{\376\377\000D\000e\000r\000i\000v\000a\000t\000i\000o\000n\000\040\000o\000f\000\040\000R\000a\000d\000i\000u\000s\000\040\000a\000n\000d\000\040\000L\000e\000n\000g\000t\000h\000\040\000A\000f\000t\000e\000r\000\040\000T\000w\000i\000s\000t\000i\000n\000g}{subsection.4.3}% 15
\BOOKMARK [2][-]{subsection.4.4}{\376\377\000T\000o\000r\000s\000i\000o\000n\000a\000l\000\040\000L\000o\000a\000d\000\040\000a\000n\000d\000\040\000S\000t\000i\000f\000f\000n\000e\000s\000s}{section.4}% 16
\BOOKMARK [2][-]{subsection.4.5}{\376\377\000T\000o\000r\000s\000i\000o\000n\000a\000l\000\040\000W\000a\000v\000e\000\040\000E\000q\000u\000a\000t\000i\000o\000n\000\040\000a\000n\000d\000\040\000W\000a\000v\000e\000\040\000S\000p\000e\000e\000d}{section.4}% 17
\BOOKMARK [2][-]{subsection.4.6}{\376\377\000R\000e\000l\000a\000t\000i\000o\000n\000s\000h\000i\000p\000\040\000b\000e\000t\000w\000e\000e\000n\000\040\000T\000r\000a\000n\000s\000v\000e\000r\000s\000e\000\040\000D\000i\000s\000p\000l\000a\000c\000e\000m\000e\000n\000t\000\040\000a\000n\000d\000\040\000T\000w\000i\000s\000t\000\040\000A\000n\000g\000l\000e}{section.4}% 18
\BOOKMARK [2][-]{subsection.4.7}{\376\377\000S\000o\000l\000u\000t\000i\000o\000n\000\040\000o\000f\000\040\000t\000h\000e\000\040\000W\000a\000v\000e\000\040\000E\000q\000u\000a\000t\000i\000o\000n}{section.4}% 19
\BOOKMARK [3][-]{subsubsection.4.7.1}{\376\377\000B\000o\000u\000n\000d\000a\000r\000y\000\040\000C\000o\000n\000d\000i\000t\000i\000o\000n\000s\000\040\000a\000n\000d\000\040\000S\000p\000a\000t\000i\000a\000l\000\040\000S\000o\000l\000u\000t\000i\000o\000n}{subsection.4.7}% 20
\BOOKMARK [3][-]{subsubsection.4.7.2}{\376\377\000T\000e\000m\000p\000o\000r\000a\000l\000\040\000S\000o\000l\000u\000t\000i\000o\000n}{subsection.4.7}% 21
\BOOKMARK [3][-]{subsubsection.4.7.3}{\376\377\000G\000e\000n\000e\000r\000a\000l\000\040\000S\000o\000l\000u\000t\000i\000o\000n\000\040\000f\000o\000r\000\040\000T\000w\000i\000s\000t\000\040\000A\000n\000g\000l\000e}{subsection.4.7}% 22
\BOOKMARK [3][-]{subsubsection.4.7.4}{\376\377\000I\000n\000i\000t\000i\000a\000l\000\040\000C\000o\000n\000d\000i\000t\000i\000o\000n\000s\000\040\000a\000n\000d\000\040\000D\000e\000t\000e\000r\000m\000i\000n\000a\000t\000i\000o\000n\000\040\000o\000f\000\040\000C\000o\000e\000f\000f\000i\000c\000i\000e\000n\000t\000s}{subsection.4.7}% 23
\BOOKMARK [2][-]{subsection.4.8}{\376\377\000F\000i\000n\000a\000l\000\040\000E\000x\000p\000r\000e\000s\000s\000i\000o\000n\000s\000\040\000a\000n\000d\000\040\000S\000u\000m\000m\000a\000r\000y}{section.4}% 24
\BOOKMARK [3][-]{subsubsection.4.8.1}{\376\377\000F\000i\000n\000a\000l\000\040\000E\000x\000p\000r\000e\000s\000s\000i\000o\000n\000\040\000f\000o\000r\000\040\000T\000w\000i\000s\000t\000\040\000A\000n\000g\000l\000e}{subsection.4.8}% 25
\BOOKMARK [3][-]{subsubsection.4.8.2}{\376\377\000F\000i\000n\000a\000l\000\040\000E\000x\000p\000r\000e\000s\000s\000i\000o\000n\000\040\000f\000o\000r\000\040\000T\000r\000a\000n\000s\000v\000e\000r\000s\000e\000\040\000D\000i\000s\000p\000l\000a\000c\000e\000m\000e\000n\000t}{subsection.4.8}% 26
\BOOKMARK [3][-]{subsubsection.4.8.3}{\376\377\000S\000u\000m\000m\000a\000r\000y\000\040\000o\000f\000\040\000D\000e\000r\000i\000v\000e\000d\000\040\000R\000e\000l\000a\000t\000i\000o\000n\000s\000h\000i\000p\000s}{subsection.4.8}% 27
\BOOKMARK [1][-]{section.5}{\376\377\000N\000u\000m\000e\000r\000i\000c\000a\000l\000\040\000S\000i\000m\000u\000l\000a\000t\000i\000o\000n\000\040\000a\000n\000d\000\040\000M\000o\000d\000e\000l\000\040\000V\000a\000l\000i\000d\000a\000t\000i\000o\000n}{}% 28
\BOOKMARK [2][-]{subsection.5.1}{\376\377\000S\000i\000m\000u\000l\000a\000t\000i\000o\000n\000\040\000S\000e\000t\000u\000p}{section.5}% 29
\BOOKMARK [2][-]{subsection.5.2}{\376\377\000S\000i\000m\000u\000l\000a\000t\000i\000o\000n\000\040\000o\000f\000\040\000T\000o\000r\000s\000i\000o\000n\000a\000l\000\040\000W\000a\000v\000e\000\040\000P\000r\000o\000p\000a\000g\000a\000t\000i\000o\000n}{section.5}% 30
\BOOKMARK [2][-]{subsection.5.3}{\376\377\000V\000a\000l\000i\000d\000a\000t\000i\000o\000n\000\040\000A\000g\000a\000i\000n\000s\000t\000\040\000O\000b\000s\000e\000r\000v\000a\000t\000i\000o\000n\000s}{section.5}% 31
\BOOKMARK [1][-]{section.6}{\376\377\000E\000x\000p\000e\000r\000i\000m\000e\000n\000t\000a\000l\000\040\000I\000n\000v\000e\000s\000t\000i\000g\000a\000t\000i\000o\000n}{}% 32
\BOOKMARK [2][-]{subsection.6.1}{\376\377\000E\000x\000p\000e\000r\000i\000m\000e\000n\000t\000a\000l\000\040\000O\000b\000j\000e\000c\000t\000i\000v\000e\000s}{section.6}% 33
\BOOKMARK [2][-]{subsection.6.2}{\376\377\000E\000x\000p\000e\000r\000i\000m\000e\000n\000t\000a\000l\000\040\000A\000p\000p\000a\000r\000a\000t\000u\000s}{section.6}% 34
\BOOKMARK [2][-]{subsection.6.3}{\376\377\000E\000x\000p\000e\000r\000i\000m\000e\000n\000t\000a\000l\000\040\000P\000r\000o\000c\000e\000d\000u\000r\000e}{section.6}% 35
\BOOKMARK [2][-]{subsection.6.4}{\376\377\000M\000a\000t\000e\000r\000i\000a\000l\000\040\000P\000a\000r\000a\000m\000e\000t\000e\000r\000s\000\040\000a\000n\000d\000\040\000D\000a\000t\000a\000\040\000A\000c\000q\000u\000i\000s\000i\000t\000i\000o\000n}{section.6}% 36
\BOOKMARK [3][-]{subsubsection.6.4.1}{\376\377\000M\000a\000t\000e\000r\000i\000a\000l\000\040\000P\000r\000o\000p\000e\000r\000t\000i\000e\000s\000\040\000L\000o\000o\000k\000u\000p}{subsection.6.4}% 37
\BOOKMARK [3][-]{subsubsection.6.4.2}{\376\377\000D\000a\000t\000a\000\040\000A\000c\000q\000u\000i\000s\000i\000t\000i\000o\000n\000\040\000M\000e\000t\000h\000o\000d}{subsection.6.4}% 38
\BOOKMARK [2][-]{subsection.6.5}{\376\377\000E\000x\000p\000e\000r\000i\000m\000e\000n\000t\000a\000l\000\040\000S\000e\000r\000i\000e\000s\000\040\0001\000:\000\040\000I\000n\000v\000e\000s\000t\000i\000g\000a\000t\000i\000n\000g\000\040\000I\000n\000f\000l\000u\000e\000n\000c\000i\000n\000g\000\040\000F\000a\000c\000t\000o\000r\000s}{section.6}% 39
\BOOKMARK [3][-]{subsubsection.6.5.1}{\376\377\000E\000x\000p\000e\000r\000i\000m\000e\000n\000t\000\040\0001\000:\000\040\000A\000m\000p\000l\000i\000t\000u\000d\000e\000\040\000-\000\040\000T\000i\000m\000e\000\040\000-\000\040\000T\000w\000i\000s\000t\000\040\000A\000n\000g\000l\000e\000\040\000-\000\040\000L\000e\000n\000g\000t\000h}{subsection.6.5}% 40
\BOOKMARK [3][-]{subsubsection.6.5.2}{\376\377\000E\000x\000p\000e\000r\000i\000m\000e\000n\000t\000\040\0002\000:\000\040\000W\000a\000v\000e\000l\000e\000n\000g\000t\000h\000\040\000-\000\040\000T\000i\000m\000e\000\040\000-\000\040\000T\000w\000i\000s\000t\000\040\000A\000n\000g\000l\000e\000\040\000-\000\040\000L\000e\000n\000g\000t\000h}{subsection.6.5}% 41
\BOOKMARK [3][-]{subsubsection.6.5.3}{\376\377\000E\000x\000p\000e\000r\000i\000m\000e\000n\000t\000\040\0003\000:\000\040\000R\000a\000d\000i\000u\000s\000\040\000-\000\040\000T\000w\000i\000s\000t\000\040\000A\000n\000g\000l\000e\000\040\000-\000\040\000L\000e\000n\000g\000t\000h}{subsection.6.5}% 42
\BOOKMARK [2][-]{subsection.6.6}{\376\377\000S\000u\000p\000p\000l\000e\000m\000e\000n\000t\000a\000r\000y\000\040\000E\000x\000p\000e\000r\000i\000m\000e\000n\000t\000:\000\040\000E\000f\000f\000e\000c\000t\000\040\000o\000f\000\040\000L\000u\000b\000r\000i\000c\000a\000t\000i\000o\000n}{section.6}% 43
\BOOKMARK [2][-]{subsection.6.7}{\376\377\000E\000x\000p\000e\000r\000i\000m\000e\000n\000t\000a\000l\000\040\000S\000e\000r\000i\000e\000s\000\040\0002\000:\000\040\000T\000h\000e\000o\000r\000e\000t\000i\000c\000a\000l\000\040\000V\000a\000l\000i\000d\000a\000t\000i\000o\000n\000\040\000\050\000F\000u\000r\000t\000h\000e\000r\000\040\000W\000o\000r\000k\000\051}{section.6}% 44
\BOOKMARK [1][-]{section.7}{\376\377\000C\000a\000l\000c\000u\000l\000a\000t\000i\000n\000g\000\040\000a\000n\000d\000\040\000S\000i\000m\000p\000l\000i\000f\000y\000i\000n\000g\000\040\000t\000h\000e\000\040\000M\000o\000d\000e\000l}{}% 45
\BOOKMARK [1][-]{section.8}{\376\377\000T\000h\000e\000\040\000M\000o\000d\000e\000l\000\040\000R\000e\000s\000u\000l\000t\000s}{}% 46
\BOOKMARK [1][-]{section.9}{\376\377\000V\000a\000l\000i\000d\000a\000t\000i\000n\000g\000\040\000t\000h\000e\000\040\000M\000o\000d\000e\000l}{}% 47
\BOOKMARK [1][-]{section.10}{\376\377\000C\000o\000n\000c\000l\000u\000s\000i\000o\000n\000s}{}% 48
\BOOKMARK [1][-]{section.11}{\376\377\000S\000u\000m\000m\000a\000r\000y}{}% 49
\BOOKMARK [1][-]{section.12}{\376\377\000E\000v\000a\000l\000u\000a\000t\000e\000\040\000o\000f\000\040\000t\000h\000e\000\040\000M\000o\000d\000e}{}% 50
\BOOKMARK [1][-]{section.13}{\376\377\000S\000t\000r\000e\000n\000g\000t\000h\000s\000\040\000a\000n\000d\000\040\000w\000e\000a\000k\000n\000e\000s\000s\000e\000s}{}% 51
\BOOKMARK [2][-]{subsection.13.1}{\376\377\000S\000t\000r\000e\000n\000g\000t\000h\000s}{section.13}% 52
\BOOKMARK [1][-]{section*.2}{\376\377\000A\000p\000p\000e\000n\000d\000i\000c\000e\000s}{}% 53
\BOOKMARK [1][-]{appendix.1.A}{\376\377\000A\000p\000p\000e\000n\000d\000i\000x\000\040\000F\000i\000r\000s\000t\000\040\000a\000p\000p\000e\000n\000d\000i\000x}{}% 54
\BOOKMARK [1][-]{appendix.1.B}{\376\377\000A\000p\000p\000e\000n\000d\000i\000x\000\040\000S\000e\000c\000o\000n\000d\000\040\000a\000p\000p\000e\000n\000d\000i\000x}{}% 55
